info it worked if it ends with ok
verbose cli [ 'node', '/usr/local/bin/npm', 'install' ]
info using npm@1.1.21
info using node@v0.7.9-pre
verbose config file /Users/christianbromann/.npmrc
verbose config file /usr/local/etc/npmrc
verbose config file /usr/local/lib/node_modules/npm/npmrc
ERR! Couldn't read dependencies.
ERR! Error: ENOENT, open '/Users/christianbromann/Sites/Webprojekte/lao/DEV-nodejs/lao-Online-Collaboration-Platform/package.json'
ERR! You may report this log at:
ERR!     <http://github.com/isaacs/npm/issues>
ERR! or email it to:
ERR!     <npm-@googlegroups.com>
ERR! 
ERR! System Darwin 11.4.0
ERR! command "node" "/usr/local/bin/npm" "install"
ERR! cwd /Users/christianbromann/Sites/Webprojekte/lao/DEV-nodejs/lao-Online-Collaboration-Platform/modules/logger/public/js/view
ERR! node -v v0.7.9-pre
ERR! npm -v 1.1.21
ERR! path /Users/christianbromann/Sites/Webprojekte/lao/DEV-nodejs/lao-Online-Collaboration-Platform/package.json
ERR! code ENOENT
ERR! message ENOENT, open '/Users/christianbromann/Sites/Webprojekte/lao/DEV-nodejs/lao-Online-Collaboration-Platform/package.json'
ERR! errno {}
verbose exit [ 1, true ]
